<?xml version="1.0" encoding="UTF-8"?>
<testng-results ignored="0" total="1" passed="1" failed="0" skipped="0">
  <reporter-output>
  </reporter-output>
  <suite started-at="2025-10-07T15:20:43 IST" name="Default suite" finished-at="2025-10-07T15:21:16 IST" duration-ms="33545">
    <groups>
    </groups>
    <test started-at="2025-10-07T15:20:43 IST" name="Default test" finished-at="2025-10-07T15:21:16 IST" duration-ms="33545">
      <class name="TestScript.TestEstimator">
        <test-method is-config="true" signature="setUp()[pri:0, instance:TestScript.TestEstimator@49438269]" started-at="2025-10-07T15:20:25 IST" name="setUp" finished-at="2025-10-07T15:20:43 IST" duration-ms="17688" status="PASS">
          <reporter-output>
          </reporter-output>
        </test-method> <!-- setUp -->
        <test-method signature="testAddEstimator()[pri:0, instance:TestScript.TestEstimator@49438269]" started-at="2025-10-07T15:20:43 IST" name="testAddEstimator" finished-at="2025-10-07T15:21:16 IST" duration-ms="33345" status="PASS">
          <reporter-output>
          </reporter-output>
        </test-method> <!-- testAddEstimator -->
        <test-method is-config="true" signature="afterTest(org.testng.ITestResult)[pri:0, instance:TestScript.TestEstimator@49438269]" started-at="2025-10-07T15:21:16 IST" name="afterTest" finished-at="2025-10-07T15:21:16 IST" duration-ms="155" status="PASS">
          <params>
            <param index="0">
              <value>
                <![CDATA[[TestResult name=testAddEstimator status=SUCCESS method=TestEstimator.testAddEstimator()[pri:0, instance:TestScript.TestEstimator@49438269] output={null}]]]>
              </value>
            </param>
          </params>
          <reporter-output>
          </reporter-output>
        </test-method> <!-- afterTest -->
        <test-method is-config="true" signature="tearDown()[pri:0, instance:TestScript.TestEstimator@49438269]" started-at="2025-10-07T15:21:16 IST" name="tearDown" finished-at="2025-10-07T15:21:17 IST" duration-ms="1200" status="PASS">
          <reporter-output>
          </reporter-output>
        </test-method> <!-- tearDown -->
      </class> <!-- TestScript.TestEstimator -->
    </test> <!-- Default test -->
  </suite> <!-- Default suite -->
</testng-results>
